<?xml version="1.0" encoding="UTF-8"?>
<!-- Generated by org.testng.reporters.JUnitXMLReporter -->
<testsuite ignored="2" hostname="Anik" failures="0" tests="1" name="Default test" time="5.127" errors="0" timestamp="2023-05-18T12:38:37 CDT">
  <testcase classname="test.AutoTest" name="selectProductBtnTest" time="0.48"/>
  <testcase classname="test.AutoTest" name="clickProductBtnTest" time="0.0">
    <ignored/>
  </testcase> <!-- clickProductBtnTest -->
  <testcase classname="test.AutoTest" name="testStartAQuote" time="0.0">
    <ignored/>
  </testcase> <!-- testStartAQuote -->
</testsuite> <!-- Default test -->
