<?xml version="1.0" encoding="UTF-8"?>
<testng-results ignored="2" total="3" passed="1" failed="0" skipped="0">
  <reporter-output>
    <line>
      <![CDATA[[[ChromeDriver: chrome on WINDOWS (b81b888da1b398cd4615c37a39504de2)] -> xpath: //select[@id="popDropdown"]]<<<<<selected:Life<br>]]>
    </line>
    <line>
      <![CDATA[[[ChromeDriver: chrome on WINDOWS (b81b888da1b398cd4615c37a39504de2)] -> xpath: //*[@id="quote-main-state-select"]]<<<<<selected:AL<br>]]>
    </line>
  </reporter-output>
  <suite started-at="2023-05-18T12:38:32 CDT" name="Default suite" finished-at="2023-05-18T12:38:37 CDT" duration-ms="5127">
    <groups>
    </groups>
    <test started-at="2023-05-18T12:38:32 CDT" name="Default test" finished-at="2023-05-18T12:38:37 CDT" duration-ms="5127">
      <class name="test.AutoTest">
        <test-method is-config="true" signature="beforeEachTest()[pri:0, instance:test.AutoTest@6bd61f98]" started-at="2023-05-18T12:38:32 CDT" name="beforeEachTest" finished-at="2023-05-18T12:38:37 CDT" duration-ms="4478" status="PASS">
          <reporter-output>
          </reporter-output>
        </test-method> <!-- beforeEachTest -->
        <test-method signature="selectProductBtnTest()[pri:0, instance:test.AutoTest@6bd61f98]" started-at="2023-05-18T12:38:37 CDT" name="selectProductBtnTest" finished-at="2023-05-18T12:38:37 CDT" duration-ms="480" status="PASS">
          <reporter-output>
            <line>
              <![CDATA[[[ChromeDriver: chrome on WINDOWS (b81b888da1b398cd4615c37a39504de2)] -> xpath: //select[@id="popDropdown"]]<<<<<selected:Life<br>]]>
            </line>
            <line>
              <![CDATA[[[ChromeDriver: chrome on WINDOWS (b81b888da1b398cd4615c37a39504de2)] -> xpath: //*[@id="quote-main-state-select"]]<<<<<selected:AL<br>]]>
            </line>
          </reporter-output>
        </test-method> <!-- selectProductBtnTest -->
        <test-method is-config="true" signature="closingBrowser()[pri:0, instance:test.AutoTest@6bd61f98]" started-at="2023-05-18T12:38:37 CDT" name="closingBrowser" finished-at="2023-05-18T12:38:37 CDT" duration-ms="135" status="PASS">
          <reporter-output>
          </reporter-output>
        </test-method> <!-- closingBrowser -->
      </class> <!-- test.AutoTest -->
    </test> <!-- Default test -->
  </suite> <!-- Default suite -->
</testng-results>
